<?xml version="1.0" encoding="UTF-8"?>
<testsuite xmlns:xsi="http://www.w3.org/2001/XMLSchema-instance" xsi:noNamespaceSchemaLocation="https://maven.apache.org/surefire/maven-surefire-plugin/xsd/surefire-test-report.xsd" name="com.parkit.parkingsystem.dao.TicketDAOTest" time="0.407" tests="3" errors="0" skipped="0" failures="0">
  <properties>
[...]
</properties>
  <testcase name="saveTicket" classname="com.parkit.parkingsystem.dao.TicketDAOTest" time="0.324"/>
  <testcase name="getTicket" classname="com.parkit.parkingsystem.dao.TicketDAOTest" time="0.036"/>
  <testcase name="updateTicket" classname="com.parkit.parkingsystem.dao.TicketDAOTest" time="0.025"/>
</testsuite>